22:44:47 DEBUG : Logs will be stored at 'E:/kevin/myCode/microBlaze1/vitis/IDE.log'.
22:44:48 INFO  : Launching XSCT server: xsct.bat -n  -interactive E:\kevin\myCode\microBlaze1\vitis\temp_xsdb_launch_script.tcl
22:44:48 INFO  : Registering command handlers for Vitis TCF services
22:44:48 INFO  : Platform repository initialization has completed.
22:44:49 INFO  : XSCT server has started successfully.
22:44:49 INFO  : Successfully done setting XSCT server connection channel  
22:44:49 INFO  : Successfully done query RDI_DATADIR 
22:44:49 INFO  : Successfully done setting workspace for the tool. 
22:44:49 INFO  : plnx-install-location is set to ''
22:46:07 INFO  : Result from executing command 'getProjects': syncMicroBlaze
22:46:07 INFO  : Result from executing command 'getPlatforms': xilinx_vck190_base_202220_1|D:/vitis/Vitis/2022.2/base_platforms/xilinx_vck190_base_202220_1/xilinx_vck190_base_202220_1.xpfm;xilinx_vck190_base_dfx_202220_1|D:/vitis/Vitis/2022.2/base_platforms/xilinx_vck190_base_dfx_202220_1/xilinx_vck190_base_dfx_202220_1.xpfm;xilinx_vmk180_base_202220_1|D:/vitis/Vitis/2022.2/base_platforms/xilinx_vmk180_base_202220_1/xilinx_vmk180_base_202220_1.xpfm;xilinx_zcu102_base_202220_1|D:/vitis/Vitis/2022.2/base_platforms/xilinx_zcu102_base_202220_1/xilinx_zcu102_base_202220_1.xpfm;xilinx_zcu102_base_dfx_202220_1|D:/vitis/Vitis/2022.2/base_platforms/xilinx_zcu102_base_dfx_202220_1/xilinx_zcu102_base_dfx_202220_1.xpfm;xilinx_zcu104_base_202220_1|D:/vitis/Vitis/2022.2/base_platforms/xilinx_zcu104_base_202220_1/xilinx_zcu104_base_202220_1.xpfm
22:46:28 INFO  : Hardware specification for platform project 'syncMicroBlaze' is updated.
22:47:48 INFO  : Connected to target on host '127.0.0.1' and port '3121'.
22:47:48 INFO  : Jtag cable 'Digilent JTAG-HS2 201706300081' is selected.
22:47:48 INFO  : 'jtag frequency' command is executed.
22:47:48 INFO  : 'targets -set -filter {jtag_cable_name =~ "Digilent JTAG-HS2 201706300081" && level==0 && jtag_device_ctx=="jsn-JTAG-HS2-201706300081-13631093-0"}' command is executed.
22:47:52 INFO  : Device configured successfully with "E:/kevin/myCode/microBlaze1/vitis/syncMain/_ide/bitstream/design_1_wrapper.bit"
22:47:52 INFO  : Context for processor 'microblaze_0' is selected.
22:47:52 INFO  : Hardware design and registers information is loaded from 'E:/kevin/myCode/microBlaze1/vitis/syncMicroBlaze/export/syncMicroBlaze/hw/design_1_wrapper.xsa'.
22:47:52 INFO  : 'configparams mdm-detect-bscan-mask 2' command is executed.
22:47:52 INFO  : Context for processor 'microblaze_0' is selected.
22:47:52 INFO  : System reset is completed.
22:47:55 INFO  : 'after 3000' command is executed.
22:47:55 INFO  : ----------------XSDB Script----------------
connect -url tcp:127.0.0.1:3121
targets -set -filter {jtag_cable_name =~ "Digilent JTAG-HS2 201706300081" && level==0 && jtag_device_ctx=="jsn-JTAG-HS2-201706300081-13631093-0"}
fpga -file E:/kevin/myCode/microBlaze1/vitis/syncMain/_ide/bitstream/design_1_wrapper.bit
targets -set -nocase -filter {name =~ "*microblaze*#0" && bscan=="USER2" }
loadhw -hw E:/kevin/myCode/microBlaze1/vitis/syncMicroBlaze/export/syncMicroBlaze/hw/design_1_wrapper.xsa -regs
configparams mdm-detect-bscan-mask 2
targets -set -nocase -filter {name =~ "*microblaze*#0" && bscan=="USER2" }
rst -system
after 3000
----------------End of Script----------------

22:47:55 INFO  : Launch script is exported to file 'E:\kevin\myCode\microBlaze1\vitis\syncMain_system\_ide\scripts\debugger_syncmain-default.tcl'
22:47:56 INFO  : Result from executing command 'getProjects': syncMicroBlaze
22:47:56 INFO  : Result from executing command 'getPlatforms': syncMicroBlaze|E:/kevin/myCode/microBlaze1/vitis/syncMicroBlaze/export/syncMicroBlaze/syncMicroBlaze.xpfm;xilinx_vck190_base_202220_1|D:/vitis/Vitis/2022.2/base_platforms/xilinx_vck190_base_202220_1/xilinx_vck190_base_202220_1.xpfm;xilinx_vck190_base_dfx_202220_1|D:/vitis/Vitis/2022.2/base_platforms/xilinx_vck190_base_dfx_202220_1/xilinx_vck190_base_dfx_202220_1.xpfm;xilinx_vmk180_base_202220_1|D:/vitis/Vitis/2022.2/base_platforms/xilinx_vmk180_base_202220_1/xilinx_vmk180_base_202220_1.xpfm;xilinx_zcu102_base_202220_1|D:/vitis/Vitis/2022.2/base_platforms/xilinx_zcu102_base_202220_1/xilinx_zcu102_base_202220_1.xpfm;xilinx_zcu102_base_dfx_202220_1|D:/vitis/Vitis/2022.2/base_platforms/xilinx_zcu102_base_dfx_202220_1/xilinx_zcu102_base_dfx_202220_1.xpfm;xilinx_zcu104_base_202220_1|D:/vitis/Vitis/2022.2/base_platforms/xilinx_zcu104_base_202220_1/xilinx_zcu104_base_202220_1.xpfm
22:47:57 INFO  : Checking for BSP changes to sync application flags for project 'syncMain'...
22:48:34 INFO  : Disconnected from the channel tcfchan#1.
22:48:35 INFO  : Connected to target on host '127.0.0.1' and port '3121'.
22:48:44 INFO  : ----------------XSDB Script----------------
connect -url tcp:127.0.0.1:3121
----------------End of Script----------------

22:48:44 ERROR : Could not find FPGA device on the board for connection 'Local'.


Troubleshooting hints:
1. Check whether board is connected to system properly.
2. In case of zynq board, check whether Digilent/Xilinx cable switch settings are correct.
3. If you are using Xilinx Platform Cable USB, ensure that status LED is green.
22:48:53 INFO  : Connected to target on host '127.0.0.1' and port '3121'.
22:48:53 INFO  : Jtag cable 'Digilent JTAG-HS2 201706300081' is selected.
22:48:53 INFO  : 'jtag frequency' command is executed.
22:48:53 INFO  : 'targets -set -filter {jtag_cable_name =~ "Digilent JTAG-HS2 201706300081" && level==0 && jtag_device_ctx=="jsn-JTAG-HS2-201706300081-13631093-0"}' command is executed.
22:48:55 ERROR : 'fpga -file E:/kevin/myCode/microBlaze1/vitis/syncMain/_ide/bitstream/design_1_wrapper.bit' is cancelled.
22:48:55 ERROR : Exception occured while running Program Device.
java.lang.RuntimeException: 'fpga -file E:/kevin/myCode/microBlaze1/vitis/syncMain/_ide/bitstream/design_1_wrapper.bit' is cancelled.
22:48:55 INFO  : ----------------XSDB Script----------------
connect -url tcp:127.0.0.1:3121
----------------End of Script----------------

22:48:55 ERROR : 'fpga -file E:/kevin/myCode/microBlaze1/vitis/syncMain/_ide/bitstream/design_1_wrapper.bit' is cancelled.
22:48:58 INFO  : Connected to target on host '127.0.0.1' and port '3121'.
22:48:58 INFO  : Jtag cable 'Digilent JTAG-HS2 201706300081' is selected.
22:48:58 INFO  : 'jtag frequency' command is executed.
22:48:58 INFO  : 'targets -set -filter {jtag_cable_name =~ "Digilent JTAG-HS2 201706300081" && level==0 && jtag_device_ctx=="jsn-JTAG-HS2-201706300081-13631093-0"}' command is executed.
22:49:01 INFO  : Device configured successfully with "E:/kevin/myCode/microBlaze1/vitis/syncMain/_ide/bitstream/design_1_wrapper.bit"
22:49:01 INFO  : Context for processor 'microblaze_0' is selected.
22:49:01 INFO  : Hardware design and registers information is loaded from 'E:/kevin/myCode/microBlaze1/vitis/syncMicroBlaze/export/syncMicroBlaze/hw/design_1_wrapper.xsa'.
22:49:01 INFO  : 'configparams mdm-detect-bscan-mask 2' command is executed.
22:49:01 INFO  : Context for processor 'microblaze_0' is selected.
22:49:01 INFO  : System reset is completed.
22:49:04 INFO  : 'after 3000' command is executed.
22:49:04 INFO  : Context for processor 'microblaze_0' is selected.
22:49:04 INFO  : The application 'E:/kevin/myCode/microBlaze1/vitis/syncMain/Debug/syncMain.elf' is downloaded to processor 'microblaze_0'.
22:49:04 INFO  : ----------------XSDB Script----------------
connect -url tcp:127.0.0.1:3121
targets -set -filter {jtag_cable_name =~ "Digilent JTAG-HS2 201706300081" && level==0 && jtag_device_ctx=="jsn-JTAG-HS2-201706300081-13631093-0"}
fpga -file E:/kevin/myCode/microBlaze1/vitis/syncMain/_ide/bitstream/design_1_wrapper.bit
targets -set -nocase -filter {name =~ "*microblaze*#0" && bscan=="USER2" }
loadhw -hw E:/kevin/myCode/microBlaze1/vitis/syncMicroBlaze/export/syncMicroBlaze/hw/design_1_wrapper.xsa -regs
configparams mdm-detect-bscan-mask 2
targets -set -nocase -filter {name =~ "*microblaze*#0" && bscan=="USER2" }
rst -system
after 3000
targets -set -nocase -filter {name =~ "*microblaze*#0" && bscan=="USER2" }
dow E:/kevin/myCode/microBlaze1/vitis/syncMain/Debug/syncMain.elf
----------------End of Script----------------

22:49:04 INFO  : Context for processor 'microblaze_0' is selected.
22:49:04 INFO  : 'con' command is executed.
22:49:04 INFO  : ----------------XSDB Script (After Launch)----------------
targets -set -nocase -filter {name =~ "*microblaze*#0" && bscan=="USER2" }
con
----------------End of Script----------------

22:49:04 INFO  : Launch script is exported to file 'E:\kevin\myCode\microBlaze1\vitis\syncMain_system\_ide\scripts\debugger_syncmain-default.tcl'
23:10:15 INFO  : No changes in MSS file content so sources will not be generated.
23:16:14 INFO  : No changes in MSS file content so sources will not be generated.
23:22:03 INFO  : No changes in MSS file content so sources will not be generated.
09:49:05 INFO  : Disconnected from the channel tcfchan#3.
